C:\USERS\ISLAM\DESKTOP\TEMPLATE_CODE - ISLAM - 1.2\TEMPLATE_CODE\TEXTURING\DEBUG\APPLICATIONMANAGER.OBJ
C:\USERS\ISLAM\DESKTOP\TEMPLATE_CODE - ISLAM - 1.2\TEMPLATE_CODE\TEXTURING\DEBUG\EULERCAMERA.OBJ
C:\USERS\ISLAM\DESKTOP\TEMPLATE_CODE - ISLAM - 1.2\TEMPLATE_CODE\TEXTURING\DEBUG\FPCAMERA.OBJ
C:\USERS\ISLAM\DESKTOP\TEMPLATE_CODE - ISLAM - 1.2\TEMPLATE_CODE\TEXTURING\DEBUG\MAIN.OBJ
C:\USERS\ISLAM\DESKTOP\TEMPLATE_CODE - ISLAM - 1.2\TEMPLATE_CODE\TEXTURING\DEBUG\MODEL.OBJ
C:\USERS\ISLAM\DESKTOP\TEMPLATE_CODE - ISLAM - 1.2\TEMPLATE_CODE\TEXTURING\DEBUG\RENDERER.OBJ
C:\USERS\ISLAM\DESKTOP\TEMPLATE_CODE - ISLAM - 1.2\TEMPLATE_CODE\TEXTURING\DEBUG\SHADER.OBJ
C:\USERS\ISLAM\DESKTOP\TEMPLATE_CODE - ISLAM - 1.2\TEMPLATE_CODE\TEXTURING\DEBUG\TEXTURE.OBJ
C:\USERS\ISLAM\DESKTOP\TEMPLATE_CODE - ISLAM - 1.2\TEMPLATE_CODE\TEXTURING\DEBUG\VC110.PDB
C:\USERS\ISLAM\DESKTOP\TEMPLATE_CODE - ISLAM - 1.2\TEMPLATE_CODE\TEXTURING\DEBUG\STB_IMAGE.OBJ
C:\USERS\ISLAM\DESKTOP\TEMPLATE_CODE - ISLAM - 1.2\TEMPLATE_CODE\DEBUG\TEXTURING.EXE
C:\USERS\ISLAM\DESKTOP\TEMPLATE_CODE - ISLAM - 1.2\TEMPLATE_CODE\DEBUG\TEXTURING.PDB
C:\Users\islam\Desktop\Template_Code - islam - 1.2\Template_Code\Texturing\Debug\ApplicationManager.obj
C:\Users\islam\Desktop\Template_Code - islam - 1.2\Template_Code\Texturing\Debug\EulerCamera.obj
C:\Users\islam\Desktop\Template_Code - islam - 1.2\Template_Code\Texturing\Debug\FPCamera.obj
C:\Users\islam\Desktop\Template_Code - islam - 1.2\Template_Code\Texturing\Debug\main.obj
C:\Users\islam\Desktop\Template_Code - islam - 1.2\Template_Code\Texturing\Debug\Model.obj
C:\Users\islam\Desktop\Template_Code - islam - 1.2\Template_Code\Texturing\Debug\Renderer.obj
C:\Users\islam\Desktop\Template_Code - islam - 1.2\Template_Code\Texturing\Debug\shader.obj
C:\Users\islam\Desktop\Template_Code - islam - 1.2\Template_Code\Texturing\Debug\stb_image.obj
C:\Users\islam\Desktop\Template_Code - islam - 1.2\Template_Code\Texturing\Debug\texture.obj
C:\Users\islam\Desktop\Template_Code - islam - 1.2\Template_Code\Texturing\Debug\cl.command.1.tlog
C:\Users\islam\Desktop\Template_Code - islam - 1.2\Template_Code\Texturing\Debug\CL.read.1.tlog
C:\Users\islam\Desktop\Template_Code - islam - 1.2\Template_Code\Texturing\Debug\CL.write.1.tlog
C:\Users\islam\Desktop\Template_Code - islam - 1.2\Template_Code\Texturing\Debug\link-cvtres.read.1.tlog
C:\Users\islam\Desktop\Template_Code - islam - 1.2\Template_Code\Texturing\Debug\link-cvtres.write.1.tlog
C:\Users\islam\Desktop\Template_Code - islam - 1.2\Template_Code\Texturing\Debug\link-rc.read.1.tlog
C:\Users\islam\Desktop\Template_Code - islam - 1.2\Template_Code\Texturing\Debug\link-rc.write.1.tlog
C:\Users\islam\Desktop\Template_Code - islam - 1.2\Template_Code\Texturing\Debug\link.command.1.tlog
C:\Users\islam\Desktop\Template_Code - islam - 1.2\Template_Code\Texturing\Debug\link.read.1.tlog
C:\Users\islam\Desktop\Template_Code - islam - 1.2\Template_Code\Texturing\Debug\link.write.1.tlog
C:\Users\islam\Desktop\Template_Code - islam - 1.2\Template_Code\Texturing\Debug\vc110.idb
C:\Users\islam\Desktop\Template_Code - islam - 1.2\Template_Code\Texturing\Debug\vc110.pdb
C:\Users\islam\Desktop\Template_Code - islam - 1.2\Template_Code\Debug\Texturing.pdb
C:\Users\islam\Desktop\Template_Code - islam - 1.2\Template_Code\Debug\Texturing.exe
